c:\users\hoang minh\desktop\triangle3\triangle3\debug\source.obj
c:\users\hoang minh\desktop\triangle3\triangle3\debug\vc110.pdb
c:\users\hoang minh\desktop\triangle3\debug\triangle3.ilk
c:\users\hoang minh\desktop\triangle3\debug\triangle3.exe
c:\users\hoang minh\desktop\triangle3\debug\triangle3.pdb
c:\users\minh\desktop\project\cpsc_463\triangle3\triangle3\debug\vc120.pdb
c:\users\minh\desktop\project\cpsc_463\triangle3\triangle3\debug\vc120.idb
c:\users\minh\desktop\project\cpsc_463\triangle3\triangle3\debug\source.obj
c:\users\minh\desktop\project\cpsc_463\triangle3\debug\triangle3.ilk
c:\users\minh\desktop\project\cpsc_463\triangle3\debug\triangle3.exe
c:\users\minh\desktop\project\cpsc_463\triangle3\debug\triangle3.pdb
c:\users\minh\desktop\project\cpsc_463\triangle3\triangle3\debug\cl.command.1.tlog
c:\users\minh\desktop\project\cpsc_463\triangle3\triangle3\debug\cl.read.1.tlog
c:\users\minh\desktop\project\cpsc_463\triangle3\triangle3\debug\cl.write.1.tlog
c:\users\minh\desktop\project\cpsc_463\triangle3\triangle3\debug\link-cvtres.read.1.tlog
c:\users\minh\desktop\project\cpsc_463\triangle3\triangle3\debug\link-cvtres.write.1.tlog
c:\users\minh\desktop\project\cpsc_463\triangle3\triangle3\debug\link-rc.read.1.tlog
c:\users\minh\desktop\project\cpsc_463\triangle3\triangle3\debug\link-rc.write.1.tlog
c:\users\minh\desktop\project\cpsc_463\triangle3\triangle3\debug\link.command.1.tlog
c:\users\minh\desktop\project\cpsc_463\triangle3\triangle3\debug\link.read.1.tlog
c:\users\minh\desktop\project\cpsc_463\triangle3\triangle3\debug\link.write.1.tlog
c:\users\minh\desktop\project\cpsc_463\triangle3\triangle3\debug\vc110.idb
c:\users\minh\desktop\project\cpsc_463\triangle3\triangle3\debug\vc110.pdb
c:\users\minh\desktop\project\cpsc_463\triangle3\triangle3\debug\triangle3.tlog\cl.command.1.tlog
c:\users\minh\desktop\project\cpsc_463\triangle3\triangle3\debug\triangle3.tlog\cl.read.1.tlog
c:\users\minh\desktop\project\cpsc_463\triangle3\triangle3\debug\triangle3.tlog\cl.write.1.tlog
c:\users\minh\desktop\project\cpsc_463\triangle3\triangle3\debug\triangle3.tlog\link.command.1.tlog
c:\users\minh\desktop\project\cpsc_463\triangle3\triangle3\debug\triangle3.tlog\link.read.1.tlog
c:\users\minh\desktop\project\cpsc_463\triangle3\triangle3\debug\triangle3.tlog\link.write.1.tlog
